\BOOKMARK [0][-]{chapter*.6}{\376\377\000P\000r\000o\000p\000o\000s\000a\000l}{}% 1
\BOOKMARK [0][-]{chapter.1}{\376\377\000I\000n\000t\000r\000o\000d\000u\000c\000t\000i\000o\000n\000\040\000t\000o\000\040\000P\000r\000o\000b\000a\000b\000i\000l\000i\000t\000y}{}% 2
\BOOKMARK [1][-]{section.1.1}{\376\377\000M\000o\000d\000e\000l\000s\000\040\000a\000n\000d\000\040\000D\000a\000t\000a}{chapter.1}% 3
\BOOKMARK [1][-]{section.1.2}{\376\377\000W\000h\000a\000t\000\040\000i\000s\000\040\000P\000r\000o\000b\000a\000b\000i\000l\000i\000t\000y\000?}{chapter.1}% 4
\BOOKMARK [1][-]{section.1.3}{\376\377\000C\000o\000n\000d\000i\000t\000i\000o\000n\000a\000l\000\040\000P\000r\000o\000b\000a\000b\000i\000l\000i\000t\000y}{chapter.1}% 5
\BOOKMARK [1][-]{section.1.4}{\376\377\000R\000u\000l\000e\000s\000\040\000o\000f\000\040\000P\000r\000o\000b\000a\000b\000i\000l\000i\000t\000y}{chapter.1}% 6
\BOOKMARK [1][-]{section.1.5}{\376\377\000V\000e\000n\000n\000\040\000M\000n\000e\000m\000o\000n\000i\000c\000\040\000f\000o\000r\000\040\000t\000h\000e\000\040\000R\000u\000l\000e\000s\000\040\000o\000f\000\040\000P\000r\000o\000b\000a\000b\000i\000l\000i\000t\000y}{chapter.1}% 7
\BOOKMARK [1][-]{section.1.6}{\376\377\000L\000e\000s\000s\000o\000n\000s\000\040\000f\000r\000o\000m\000\040\000B\000a\000y\000e\000s\000'\000\040\000R\000u\000l\000e\000\040\000-\000\040\000A\000\040\000F\000i\000r\000s\000t\000\040\000L\000o\000o\000k}{chapter.1}% 8
\BOOKMARK [0][-]{chapter.2}{\376\377\000I\000n\000t\000r\000o\000d\000u\000c\000t\000i\000o\000n\000\040\000t\000o\000\040\000M\000o\000d\000e\000l\000\040\000C\000o\000m\000p\000a\000r\000i\000s\000o\000n}{}% 9
\BOOKMARK [1][-]{section.2.1}{\376\377\000T\000h\000e\000\040\000H\000i\000g\000h\000/\000L\000o\000w\000\040\000D\000e\000c\000k\000\040\000G\000a\000m\000e}{chapter.2}% 10
\BOOKMARK [1][-]{section.2.2}{\376\377\000M\000u\000l\000t\000i\000p\000l\000e\000\040\000H\000y\000p\000o\000t\000h\000e\000s\000e\000s}{chapter.2}% 11
\BOOKMARK [0][-]{chapter.3}{\376\377\000A\000p\000p\000l\000i\000c\000a\000t\000i\000o\000n\000s\000\040\000o\000f\000\040\000M\000o\000d\000e\000l\000\040\000C\000o\000m\000p\000a\000r\000i\000s\000o\000n}{}% 12
\BOOKMARK [1][-]{section.3.1}{\376\377\000D\000i\000s\000e\000a\000s\000e\000\040\000T\000e\000s\000t\000i\000n\000g}{chapter.3}% 13
\BOOKMARK [1][-]{section.3.2}{\376\377\000M\000o\000n\000t\000y\000\040\000H\000a\000l\000l\000\040\000P\000r\000o\000b\000l\000e\000m}{chapter.3}% 14
\BOOKMARK [1][-]{section.3.3}{\376\377\000P\000s\000y\000c\000h\000i\000c\000\040\000O\000c\000t\000o\000p\000i}{chapter.3}% 15
\BOOKMARK [0][-]{chapter.4}{\376\377\000I\000n\000t\000r\000o\000d\000u\000c\000t\000i\000o\000n\000\040\000t\000o\000\040\000P\000a\000r\000a\000m\000e\000t\000e\000r\000\040\000E\000s\000t\000i\000m\000a\000t\000i\000o\000n}{}% 16
\BOOKMARK [1][-]{section.4.1}{\376\377\000B\000e\000n\000t\000\040\000C\000o\000i\000n\000s}{chapter.4}% 17
\BOOKMARK [1][-]{section.4.2}{\376\377\000P\000r\000i\000o\000r\000s\000\040\000v\000e\000r\000s\000u\000s\000\040\000D\000a\000t\000a}{chapter.4}% 18
\BOOKMARK [1][-]{section.4.3}{\376\377\000M\000o\000v\000i\000n\000g\000\040\000T\000o\000w\000a\000r\000d\000\040\000t\000h\000e\000\040\000C\000o\000n\000t\000i\000n\000u\000o\000u\000s}{chapter.4}% 19
\BOOKMARK [1][-]{section.4.4}{\376\377\000M\000A\000P\000\040\000a\000n\000d\000\040\000A\000r\000e\000a\000s}{chapter.4}% 20
\BOOKMARK [1][-]{section.4.5}{\376\377\000Q\000u\000a\000r\000t\000i\000l\000e\000s}{chapter.4}% 21
\BOOKMARK [1][-]{section.4.6}{\376\377\000B\000e\000s\000t\000\040\000E\000s\000t\000i\000m\000a\000t\000e\000s}{chapter.4}% 22
\BOOKMARK [1][-]{section.4.7}{\376\377\000U\000n\000c\000e\000r\000t\000a\000i\000n\000t\000y\000\040\000i\000n\000\040\000t\000h\000e\000\040\000B\000e\000s\000t\000\040\000E\000s\000t\000i\000m\000a\000t\000e\000s}{chapter.4}% 23
\BOOKMARK [1][-]{section.4.8}{\376\377\000M\000a\000r\000g\000i\000n\000a\000l\000i\000z\000a\000t\000i\000o\000n}{chapter.4}% 24
\BOOKMARK [1][-]{section.4.9}{\376\377\000E\000x\000e\000r\000c\000i\000s\000e\000s}{chapter.4}% 25
\BOOKMARK [1][-]{section.4.10}{\376\377\000C\000o\000m\000p\000u\000t\000e\000r\000\040\000E\000x\000a\000m\000p\000l\000e\000s}{chapter.4}% 26
\BOOKMARK [0][-]{chapter.5}{\376\377\000P\000r\000i\000o\000r\000s\000,\000\040\000L\000i\000k\000e\000l\000i\000h\000o\000o\000d\000s\000,\000\040\000a\000n\000d\000\040\000P\000o\000s\000t\000e\000r\000i\000o\000r\000s}{}% 27
\BOOKMARK [1][-]{section.5.1}{\376\377\000B\000i\000n\000o\000m\000i\000a\000l\000\040\000a\000n\000d\000\040\000B\000e\000t\000a\000\040\000D\000i\000s\000t\000r\000i\000b\000u\000t\000i\000o\000n\000s}{chapter.5}% 28
\BOOKMARK [1][-]{section.5.2}{\376\377\000T\000h\000e\000\040\000N\000o\000r\000m\000a\000l\000\040\000D\000i\000s\000t\000r\000i\000b\000u\000t\000i\000o\000n\000\040\000-\000\040\000P\000r\000o\000p\000e\000r\000t\000i\000e\000s}{chapter.5}% 29
\BOOKMARK [1][-]{section.5.3}{\376\377\000T\000h\000e\000\040\000N\000o\000r\000m\000a\000l\000\040\000D\000i\000s\000t\000r\000i\000b\000u\000t\000i\000o\000n\000\040\000-\000\040\000E\000s\000t\000i\000m\000a\000t\000i\000n\000g\000\040\000F\000r\000o\000m\000\040\000D\000a\000t\000a}{chapter.5}% 30
\BOOKMARK [1][-]{section.5.4}{\376\377\000N\000o\000r\000m\000a\000l\000\040\000A\000p\000p\000r\000o\000x\000i\000m\000a\000t\000i\000o\000n}{chapter.5}% 31
\BOOKMARK [1][-]{section.5.5}{\376\377\000S\000u\000m\000m\000a\000r\000y}{chapter.5}% 32
\BOOKMARK [1][-]{section.5.6}{\376\377\000C\000o\000m\000p\000u\000t\000e\000r\000\040\000E\000x\000a\000m\000p\000l\000e\000s}{chapter.5}% 33
\BOOKMARK [0][-]{chapter.6}{\376\377\000A\000p\000p\000l\000i\000c\000a\000t\000i\000o\000n\000s\000\040\000o\000f\000\040\000P\000a\000r\000a\000m\000e\000t\000e\000r\000\040\000E\000s\000t\000i\000m\000a\000t\000i\000o\000n\000\040\000a\000n\000d\000\040\000I\000n\000f\000e\000r\000e\000n\000c\000e}{}% 34
\BOOKMARK [1][-]{section.6.1}{\376\377\000N\000o\000r\000m\000a\000l\000\040\000M\000o\000d\000e\000l\000\040\000-\000\040\000I\000n\000f\000e\000r\000e\000n\000c\000e\000\040\000a\000b\000o\000u\000t\000\040\000M\000e\000a\000n\000s}{chapter.6}% 35
\BOOKMARK [1][-]{section.6.2}{\376\377\000N\000o\000r\000m\000a\000l\000\040\000M\000o\000d\000e\000l\000\040\000A\000g\000a\000i\000n\000\040\000-\000\040\000I\000n\000f\000e\000r\000e\000n\000c\000e\000\040\000a\000b\000o\000u\000t\000\040\000M\000e\000a\000n\000s\000\040\000a\000n\000d\000\040\000D\000e\000v\000i\000a\000t\000i\000o\000n\000s}{chapter.6}% 36
\BOOKMARK [1][-]{section.6.3}{\376\377\000B\000e\000t\000a\000\040\000M\000o\000d\000e\000l\000\040\000-\000\040\000I\000n\000f\000e\000r\000e\000n\000c\000e\000\040\000A\000b\000o\000u\000t\000\040\000P\000r\000o\000p\000o\000r\000t\000i\000o\000n\000s}{chapter.6}% 37
\BOOKMARK [1][-]{section.6.4}{\376\377\000M\000o\000d\000e\000l\000\040\000C\000o\000n\000s\000t\000r\000u\000c\000t\000i\000o\000n}{chapter.6}% 38
\BOOKMARK [1][-]{section.6.5}{\376\377\000C\000o\000m\000p\000u\000t\000e\000r\000\040\000E\000x\000a\000m\000p\000l\000e\000s}{chapter.6}% 39
\BOOKMARK [0][-]{chapter.7}{\376\377\000C\000o\000n\000c\000l\000u\000d\000i\000n\000g\000\040\000T\000h\000o\000u\000g\000h\000t\000s}{}% 40
\BOOKMARK [1][-]{section.7.1}{\376\377\000W\000h\000e\000r\000e\000\040\000h\000a\000v\000e\000\040\000w\000e\000\040\000c\000o\000m\000e\000?}{chapter.7}% 41
\BOOKMARK [1][-]{section.7.2}{\376\377\000W\000h\000e\000r\000e\000\040\000a\000r\000e\000\040\000w\000e\000\040\000g\000o\000i\000n\000g\000?}{chapter.7}% 42
\BOOKMARK [0][-]{chapter*.55}{\376\377\000B\000i\000b\000l\000i\000o\000g\000r\000a\000p\000h\000y}{}% 43
\BOOKMARK [0][-]{appendix.A}{\376\377\000C\000o\000m\000p\000u\000t\000a\000t\000i\000o\000n\000a\000l\000\040\000A\000n\000a\000l\000y\000s\000i\000s}{}% 44
\BOOKMARK [0][-]{appendix.B}{\376\377\000N\000o\000t\000a\000t\000i\000o\000n\000\040\000a\000n\000d\000\040\000S\000t\000a\000n\000d\000a\000r\000d\000s}{}% 45
\BOOKMARK [1][-]{section.B.1}{\376\377\000U\000s\000e\000f\000u\000l\000\040\000G\000r\000e\000e\000k\000\040\000L\000e\000t\000t\000e\000r\000s}{appendix.B}% 46
\BOOKMARK [1][-]{section.B.2}{\376\377\000S\000o\000m\000e\000\040\000M\000a\000t\000h\000\040\000N\000o\000t\000a\000t\000i\000o\000n}{appendix.B}% 47
\BOOKMARK [1][-]{section.B.3}{\376\377\000Q\000u\000a\000l\000i\000t\000a\000t\000i\000v\000e\000\040\000l\000a\000b\000e\000l\000s\000\040\000t\000o\000\040\000p\000r\000o\000b\000a\000b\000i\000l\000i\000t\000y\000\040\000v\000a\000l\000u\000e\000s}{appendix.B}% 48
\BOOKMARK [0][-]{appendix.C}{\376\377\000C\000o\000m\000m\000o\000n\000\040\000D\000i\000s\000t\000r\000i\000b\000u\000t\000i\000o\000n\000s\000\040\000a\000n\000d\000\040\000T\000h\000e\000i\000r\000\040\000P\000r\000o\000p\000e\000r\000t\000i\000e\000s}{}% 49
\BOOKMARK [1][-]{section.C.1}{\376\377\000D\000i\000s\000c\000r\000e\000t\000e\000\040\000a\000n\000d\000\040\000C\000o\000n\000t\000i\000n\000u\000o\000u\000s}{appendix.C}% 50
\BOOKMARK [1][-]{section.C.2}{\376\377\000U\000n\000i\000f\000o\000r\000m}{appendix.C}% 51
\BOOKMARK [1][-]{section.C.3}{\376\377\000B\000i\000n\000o\000m\000i\000a\000l}{appendix.C}% 52
\BOOKMARK [1][-]{section.C.4}{\376\377\000B\000e\000t\000a}{appendix.C}% 53
\BOOKMARK [1][-]{section.C.5}{\376\377\000N\000o\000r\000m\000a\000l\000\040\000\050\000G\000a\000u\000s\000s\000i\000a\000n\000\051}{appendix.C}% 54
\BOOKMARK [0][-]{appendix.D}{\376\377\000T\000a\000b\000l\000e\000s}{}% 55
\BOOKMARK [1][-]{section.D.1}{\376\377\000C\000r\000e\000d\000i\000b\000l\000e\000\040\000I\000n\000t\000e\000r\000v\000a\000l\000s\000\040\000f\000o\000r\000\040\000S\000t\000a\000n\000d\000a\000r\000d\000\040\000N\000o\000r\000m\000a\000l\000\040\000D\000i\000s\000t\000r\000i\000b\000u\000t\000i\000o\000n}{appendix.D}% 56
\BOOKMARK [1][-]{section.D.2}{\376\377\000C\000r\000e\000d\000i\000b\000l\000e\000\040\000I\000n\000t\000e\000r\000v\000a\000l\000s\000\040\000f\000o\000r\000\040\000S\000t\000u\000d\000e\000n\000t\000'\000s\000\040\000t\000\040\000D\000i\000s\000t\000r\000i\000b\000u\000t\000i\000o\000n}{appendix.D}% 57
\BOOKMARK [1][-]{section.D.3}{\376\377\000C\000u\000m\000u\000l\000a\000t\000i\000v\000e\000\040\000S\000t\000a\000n\000d\000a\000r\000d\000\040\000N\000o\000r\000m\000a\000l\000\040\000D\000i\000s\000t\000r\000i\000b\000u\000t\000i\000o\000n}{appendix.D}% 58
